<?xml version="1.0" encoding="UTF-8"?>
<robot generator="Robot 3.2.2 (Python 3.9.2 on win32)" generated="20210401 18:10:58.577" rpa="false">
<suite id="s1" name="TestDatePick" source="C:\Users\RAlexandru\Documents\Proiecte Eclipse\TestDatePick">
<suite id="s1-s1" name="Test Date Pick" source="C:\Users\RAlexandru\Documents\Proiecte Eclipse\TestDatePick\test_date_pick.robot">
<test id="s1-s1-t1" name="TestSelectDate">
<kw name="Open Browser Page">
<kw name="Open Browser" library="SeleniumLibrary">
<doc>Opens a new browser instance to the optional ``url``.</doc>
<arguments>
<arg>${url}</arg>
<arg>${browser}</arg>
</arguments>
<msg timestamp="20210401 18:10:58.788" level="INFO">Opening browser 'chrome' to base url 'https://demoqa.com/date-picker'.</msg>
<status status="PASS" starttime="20210401 18:10:58.787" endtime="20210401 18:11:01.572"></status>
</kw>
<kw name="Set Window Position" library="SeleniumLibrary">
<doc>Sets window position using ``x`` and ``y`` coordinates.</doc>
<arguments>
<arg>${2000}</arg>
<arg>${0}</arg>
</arguments>
<status status="PASS" starttime="20210401 18:11:01.572" endtime="20210401 18:11:01.703"></status>
</kw>
<kw name="Maximize Browser Window" library="SeleniumLibrary">
<doc>Maximizes current browser window.</doc>
<status status="PASS" starttime="20210401 18:11:01.703" endtime="20210401 18:11:01.826"></status>
</kw>
<status status="PASS" starttime="20210401 18:10:58.787" endtime="20210401 18:11:01.827"></status>
</kw>
<kw name="Select Date" library="date_picker.DatePicker">
<arguments>
<arg>${date_dict}</arg>
</arguments>
<status status="PASS" starttime="20210401 18:11:01.827" endtime="20210401 18:11:02.146"></status>
</kw>
<kw name="Sleep" library="BuiltIn">
<doc>Pauses the test executed for the given time.</doc>
<arguments>
<arg>3</arg>
</arguments>
<msg timestamp="20210401 18:11:05.162" level="INFO">Slept 3 seconds</msg>
<status status="PASS" starttime="20210401 18:11:02.146" endtime="20210401 18:11:05.162"></status>
</kw>
<kw name="Close Browser" library="SeleniumLibrary">
<doc>Closes the current browser.</doc>
<status status="PASS" starttime="20210401 18:11:05.162" endtime="20210401 18:11:07.302"></status>
</kw>
<status status="PASS" starttime="20210401 18:10:58.786" endtime="20210401 18:11:07.302" critical="yes"></status>
</test>
<status status="PASS" starttime="20210401 18:10:58.625" endtime="20210401 18:11:07.303"></status>
</suite>
<status status="PASS" starttime="20210401 18:10:58.605" endtime="20210401 18:11:07.305"></status>
</suite>
<statistics>
<total>
<stat pass="1" fail="0">Critical Tests</stat>
<stat pass="1" fail="0">All Tests</stat>
</total>
<tag>
</tag>
<suite>
<stat pass="1" fail="0" id="s1" name="TestDatePick">TestDatePick</stat>
<stat pass="1" fail="0" id="s1-s1" name="Test Date Pick">TestDatePick.Test Date Pick</stat>
</suite>
</statistics>
<errors>
</errors>
</robot>
